<?xml version="1.0" encoding="UTF-8"?>
<testsuite xmlns:xsi="http://www.w3.org/2001/XMLSchema-instance" xsi:noNamespaceSchemaLocation="https://maven.apache.org/surefire/maven-surefire-plugin/xsd/surefire-test-report-3.0.xsd" version="3.0" name="com.qa.project.BuyerControllerMvcTest" time="6.567" tests="5" errors="0" skipped="0" failures="0">
  <properties>
[...]
</properties>
  <testcase name="testCreate" classname="com.qa.project.BuyerControllerMvcTest" time="0.585">
    <system-out><![CDATA[Standard Commons Logging discovery in action with spring-jcl: please remove commons-logging.jar from classpath in order to avoid potential conflicts
15:24:58.679 [main] INFO org.springframework.test.context.support.AnnotationConfigContextLoaderUtils -- Could not detect default configuration classes for test class [com.qa.project.BuyerControllerMvcTest]: BuyerControllerMvcTest does not declare any static, non-private, non-final, nested classes annotated with @Configuration.
15:24:58.820 [main] INFO org.springframework.boot.test.context.SpringBootTestContextBootstrapper -- Found @SpringBootConfiguration com.qa.project.ProjectApplication for test class com.qa.project.BuyerControllerMvcTest
15:24:58.985 [main] INFO org.springframework.boot.devtools.restart.RestartApplicationListener -- Restart disabled due to context in which it is running

  .   ____          _            __ _ _
 /\\ / ___'_ __ _ _(_)_ __  __ _ \ \ \ \
( ( )\___ | '_ | '_| | '_ \/ _` | \ \ \ \
 \\/  ___)| |_)| | | | | || (_| |  ) ) ) )
  '  |____| .__|_| |_|_| |_\__, | / / / /
 =========|_|==============|___/=/_/_/_/
 :: Spring Boot ::                (v3.2.3)

2024-04-18T15:24:59.212+01:00  INFO 12268 --- [           main] com.qa.project.BuyerControllerMvcTest    : Starting BuyerControllerMvcTest using Java 21.0.1 with PID 12268 (started by Admin in C:\Users\Admin\Downloads\BackEnd\java)
2024-04-18T15:24:59.214+01:00  INFO 12268 --- [           main] com.qa.project.BuyerControllerMvcTest    : No active profile set, falling back to 1 default profile: "default"
2024-04-18T15:25:00.016+01:00  INFO 12268 --- [           main] .s.d.r.c.RepositoryConfigurationDelegate : Bootstrapping Spring Data JPA repositories in DEFAULT mode.
2024-04-18T15:25:00.130+01:00  INFO 12268 --- [           main] .s.d.r.c.RepositoryConfigurationDelegate : Finished Spring Data repository scanning in 108 ms. Found 3 JPA repository interfaces.
2024-04-18T15:25:01.019+01:00  INFO 12268 --- [           main] o.hibernate.jpa.internal.util.LogHelper  : HHH000204: Processing PersistenceUnitInfo [name: default]
2024-04-18T15:25:01.069+01:00  INFO 12268 --- [           main] org.hibernate.Version                    : HHH000412: Hibernate ORM core version 6.4.4.Final
2024-04-18T15:25:01.099+01:00  INFO 12268 --- [           main] o.h.c.internal.RegionFactoryInitiator    : HHH000026: Second-level cache disabled
2024-04-18T15:25:01.319+01:00  INFO 12268 --- [           main] o.s.o.j.p.SpringPersistenceUnitInfo      : No LoadTimeWeaver setup: ignoring JPA class transformer
2024-04-18T15:25:01.344+01:00  INFO 12268 --- [           main] com.zaxxer.hikari.HikariDataSource       : HikariPool-1 - Starting...
2024-04-18T15:25:01.673+01:00  INFO 12268 --- [           main] com.zaxxer.hikari.pool.HikariPool        : HikariPool-1 - Added connection com.mysql.cj.jdbc.ConnectionImpl@5342032a
2024-04-18T15:25:01.675+01:00  INFO 12268 --- [           main] com.zaxxer.hikari.HikariDataSource       : HikariPool-1 - Start completed.
2024-04-18T15:25:01.720+01:00  WARN 12268 --- [           main] org.hibernate.orm.deprecation            : HHH90000025: MySQLDialect does not need to be specified explicitly using 'hibernate.dialect' (remove the property setting and it will be selected by default)
2024-04-18T15:25:02.521+01:00  INFO 12268 --- [           main] o.h.e.t.j.p.i.JtaPlatformInitiator       : HHH000489: No JTA platform available (set 'hibernate.transaction.jta.platform' to enable JTA platform integration)
2024-04-18T15:25:02.562+01:00  INFO 12268 --- [           main] j.LocalContainerEntityManagerFactoryBean : Initialized JPA EntityManagerFactory for persistence unit 'default'
2024-04-18T15:25:03.250+01:00  WARN 12268 --- [           main] JpaBaseConfiguration$JpaWebConfiguration : spring.jpa.open-in-view is enabled by default. Therefore, database queries may be performed during view rendering. Explicitly configure spring.jpa.open-in-view to disable this warning
2024-04-18T15:25:04.064+01:00  INFO 12268 --- [           main] o.s.b.t.m.w.SpringBootMockServletContext : Initializing Spring TestDispatcherServlet ''
2024-04-18T15:25:04.064+01:00  INFO 12268 --- [           main] o.s.t.web.servlet.TestDispatcherServlet  : Initializing Servlet ''
2024-04-18T15:25:04.074+01:00  INFO 12268 --- [           main] o.s.b.a.e.web.EndpointLinksResolver      : Exposing 1 endpoint(s) beneath base path '/actuator'
2024-04-18T15:25:04.088+01:00  INFO 12268 --- [           main] o.s.t.web.servlet.TestDispatcherServlet  : Completed initialization in 23 ms
2024-04-18T15:25:04.152+01:00  INFO 12268 --- [           main] com.qa.project.BuyerControllerMvcTest    : Started BuyerControllerMvcTest in 5.178 seconds (process running for 6.424)
Hibernate: 
    insert 
    into
        buyer
        (email, first_name, last_name, telephone) 
    values
        (?, ?, ?, ?)
]]></system-out>
    <system-err><![CDATA[WARNING: A Java agent has been loaded dynamically (C:\Users\Admin\.m2\repository\net\bytebuddy\byte-buddy-agent\1.14.12\byte-buddy-agent-1.14.12.jar)
WARNING: If a serviceability tool is in use, please run with -XX:+EnableDynamicAgentLoading to hide this warning
WARNING: If a serviceability tool is not in use, please run with -Djdk.instrument.traceUsage for more information
WARNING: Dynamic loading of agents will be disallowed by default in a future release
]]></system-err>
  </testcase>
  <testcase name="testGetBuyer" classname="com.qa.project.BuyerControllerMvcTest" time="0.055">
    <system-out><![CDATA[Hibernate: 
    select
        b1_0.id,
        b1_0.email,
        b1_0.first_name,
        b1_0.last_name,
        b1_0.telephone 
    from
        buyer b1_0 
    where
        b1_0.id=?
]]></system-out>
  </testcase>
  <testcase name="testGetAllBuyers" classname="com.qa.project.BuyerControllerMvcTest" time="0.093">
    <system-out><![CDATA[Hibernate: 
    select
        b1_0.id,
        b1_0.email,
        b1_0.first_name,
        b1_0.last_name,
        b1_0.telephone 
    from
        buyer b1_0
]]></system-out>
  </testcase>
  <testcase name="testPatchBuyers" classname="com.qa.project.BuyerControllerMvcTest" time="0.035">
    <system-out><![CDATA[Hibernate: 
    select
        b1_0.id,
        b1_0.email,
        b1_0.first_name,
        b1_0.last_name,
        b1_0.telephone 
    from
        buyer b1_0 
    where
        b1_0.id=?
Hibernate: 
    update
        buyer 
    set
        email=?,
        first_name=?,
        last_name=?,
        telephone=? 
    where
        id=?
Hibernate: 
    select
        b1_0.id,
        b1_0.email,
        b1_0.first_name,
        b1_0.last_name,
        b1_0.telephone 
    from
        buyer b1_0 
    where
        b1_0.id=?
]]></system-out>
  </testcase>
  <testcase name="testDeleteBuyer" classname="com.qa.project.BuyerControllerMvcTest" time="0.028">
    <system-out><![CDATA[Hibernate: 
    select
        b1_0.id,
        b1_0.email,
        b1_0.first_name,
        b1_0.last_name,
        b1_0.telephone 
    from
        buyer b1_0 
    where
        b1_0.id=?
Hibernate: 
    delete 
    from
        buyer 
    where
        id=?
]]></system-out>
  </testcase>
</testsuite>